# JRE version: OpenJDK Runtime Environment (8.0_242-b01) (build 1.8.0_242-release-1644-b01)
# Java VM: OpenJDK 64-Bit Server VM (25.242-b01 mixed mode windows-amd64 compressed oops)
Heap:
 PSYoungGen      total 52736K, used 27720K [0x00000000e0000000, 0x00000000e5600000, 0x0000000100000000)
  eden space 47104K, 58% used [0x00000000e0000000,0x00000000e1b12208,0x00000000e2e00000)
  from space 5632K, 0% used [0x00000000e2e00000,0x00000000e2e00000,0x00000000e3380000)
  to   space 6144K, 0% used [0x00000000e5000000,0x00000000e5000000,0x00000000e5600000)
 ParOldGen       total 32768K, used 7501K [0x00000000a0000000, 0x00000000a2000000, 0x00000000e0000000)
  object space 32768K, 22% used [0x00000000a0000000,0x00000000a07537f0,0x00000000a2000000)
 Metaspace       used 25391K, capacity 25754K, committed 26112K, reserved 1071104K
  class space    used 3394K, capacity 3541K, committed 3584K, reserved 1048576K
GC Heap History (10 events):
Event: 9.388 GC heap before
{Heap before GC invocations=8 (full 0):
 PSYoungGen      total 20480K, used 18401K [0x00000000e0000000, 0x00000000e2700000, 0x0000000100000000)
  eden space 14848K, 100% used [0x00000000e0000000,0x00000000e0e80000,0x00000000e0e80000)
  from space 5632K, 63% used [0x00000000e0e80000,0x00000000e11f8728,0x00000000e1400000)
  to   space 5120K, 0% used [0x00000000e2200000,0x00000000e2200000,0x00000000e2700000)
 ParOldGen       total 42496K, used 4080K [0x00000000a0000000, 0x00000000a2980000, 0x00000000e0000000)
  object space 42496K, 9% used [0x00000000a0000000,0x00000000a03fc330,0x00000000a2980000)
 Metaspace       used 14173K, capacity 14490K, committed 14976K, reserved 1062912K
  class space    used 1962K, capacity 2065K, committed 2176K, reserved 1048576K
Event: 9.399 GC heap after
Heap after GC invocations=8 (full 0):
 PSYoungGen      total 34816K, used 3512K [0x00000000e0000000, 0x00000000e2700000, 0x0000000100000000)
  eden space 29696K, 0% used [0x00000000e0000000,0x00000000e0000000,0x00000000e1d00000)
  from space 5120K, 68% used [0x00000000e2200000,0x00000000e256e250,0x00000000e2700000)
  to   space 5120K, 0% used [0x00000000e1d00000,0x00000000e1d00000,0x00000000e2200000)
 ParOldGen       total 42496K, used 4568K [0x00000000a0000000, 0x00000000a2980000, 0x00000000e0000000)
  object space 42496K, 10% used [0x00000000a0000000,0x00000000a0476330,0x00000000a2980000)
 Metaspace       used 14173K, capacity 14490K, committed 14976K, reserved 1062912K
  class space    used 1962K, capacity 2065K, committed 2176K, reserved 1048576K
}
Event: 11.173 GC heap before
{Heap before GC invocations=9 (full 0):
 PSYoungGen      total 34816K, used 33208K [0x00000000e0000000, 0x00000000e2700000, 0x0000000100000000)
  eden space 29696K, 100% used [0x00000000e0000000,0x00000000e1d00000,0x00000000e1d00000)
  from space 5120K, 68% used [0x00000000e2200000,0x00000000e256e250,0x00000000e2700000)
  to   space 5120K, 0% used [0x00000000e1d00000,0x00000000e1d00000,0x00000000e2200000)
 ParOldGen       total 42496K, used 4568K [0x00000000a0000000, 0x00000000a2980000, 0x00000000e0000000)
  object space 42496K, 10% used [0x00000000a0000000,0x00000000a0476330,0x00000000a2980000)
 Metaspace       used 16589K, capacity 16998K, committed 17408K, reserved 1064960K
  class space    used 2358K, capacity 2501K, committed 2560K, reserved 1048576K
Event: 11.208 GC heap after
Heap after GC invocations=9 (full 0):
 PSYoungGen      total 34816K, used 3918K [0x00000000e0000000, 0x00000000e3880000, 0x0000000100000000)
  eden space 29696K, 0% used [0x00000000e0000000,0x00000000e0000000,0x00000000e1d00000)
  from space 5120K, 76% used [0x00000000e1d00000,0x00000000e20d3b88,0x00000000e2200000)
  to   space 5120K, 0% used [0x00000000e3380000,0x00000000e3380000,0x00000000e3880000)
 ParOldGen       total 42496K, used 5897K [0x00000000a0000000, 0x00000000a2980000, 0x00000000e0000000)
  object space 42496K, 13% used [0x00000000a0000000,0x00000000a05c2728,0x00000000a2980000)
 Metaspace       used 16589K, capacity 16998K, committed 17408K, reserved 1064960K
  class space    used 2358K, capacity 2501K, committed 2560K, reserved 1048576K
}
Event: 12.133 GC heap before
{Heap before GC invocations=10 (full 0):
 PSYoungGen      total 34816K, used 33614K [0x00000000e0000000, 0x00000000e3880000, 0x0000000100000000)
  eden space 29696K, 100% used [0x00000000e0000000,0x00000000e1d00000,0x00000000e1d00000)
  from space 5120K, 76% used [0x00000000e1d00000,0x00000000e20d3b88,0x00000000e2200000)
  to   space 5120K, 0% used [0x00000000e3380000,0x00000000e3380000,0x00000000e3880000)
 ParOldGen       total 42496K, used 5897K [0x00000000a0000000, 0x00000000a2980000, 0x00000000e0000000)
  object space 42496K, 13% used [0x00000000a0000000,0x00000000a05c2728,0x00000000a2980000)
 Metaspace       used 19702K, capacity 20022K, committed 20480K, reserved 1067008K
  class space    used 2824K, capacity 2953K, committed 3072K, reserved 1048576K
Event: 12.148 GC heap after
Heap after GC invocations=10 (full 0):
 PSYoungGen      total 52224K, used 4914K [0x00000000e0000000, 0x00000000e3980000, 0x0000000100000000)
  eden space 47104K, 0% used [0x00000000e0000000,0x00000000e0000000,0x00000000e2e00000)
  from space 5120K, 95% used [0x00000000e3380000,0x00000000e384ca80,0x00000000e3880000)
  to   space 5632K, 0% used [0x00000000e2e00000,0x00000000e2e00000,0x00000000e3380000)
 ParOldGen       total 42496K, used 6673K [0x00000000a0000000, 0x00000000a2980000, 0x00000000e0000000)
  object space 42496K, 15% used [0x00000000a0000000,0x00000000a0684448,0x00000000a2980000)
 Metaspace       used 19702K, capacity 20022K, committed 20480K, reserved 1067008K
  class space    used 2824K, capacity 2953K, committed 3072K, reserved 1048576K
}
Event: 12.410 GC heap before
{Heap before GC invocations=11 (full 0):
 PSYoungGen      total 52224K, used 10636K [0x00000000e0000000, 0x00000000e3980000, 0x0000000100000000)
  eden space 47104K, 12% used [0x00000000e0000000,0x00000000e0596978,0x00000000e2e00000)
  from space 5120K, 95% used [0x00000000e3380000,0x00000000e384ca80,0x00000000e3880000)
  to   space 5632K, 0% used [0x00000000e2e00000,0x00000000e2e00000,0x00000000e3380000)
 ParOldGen       total 42496K, used 6673K [0x00000000a0000000, 0x00000000a2980000, 0x00000000e0000000)
  object space 42496K, 15% used [0x00000000a0000000,0x00000000a0684448,0x00000000a2980000)
 Metaspace       used 20694K, capacity 21014K, committed 21248K, reserved 1067008K
  class space    used 2910K, capacity 3049K, committed 3072K, reserved 1048576K
Event: 12.416 GC heap after
Heap after GC invocations=11 (full 0):
 PSYoungGen      total 52736K, used 1114K [0x00000000e0000000, 0x00000000e5600000, 0x0000000100000000)
  eden space 47104K, 0% used [0x00000000e0000000,0x00000000e0000000,0x00000000e2e00000)
  from space 5632K, 19% used [0x00000000e2e00000,0x00000000e2f16a40,0x00000000e3380000)
  to   space 6144K, 0% used [0x00000000e5000000,0x00000000e5000000,0x00000000e5600000)
 ParOldGen       total 42496K, used 8767K [0x00000000a0000000, 0x00000000a2980000, 0x00000000e0000000)
  object space 42496K, 20% used [0x00000000a0000000,0x00000000a088fea0,0x00000000a2980000)
 Metaspace       used 20694K, capacity 21014K, committed 21248K, reserved 1067008K
  class space    used 2910K, capacity 3049K, committed 3072K, reserved 1048576K
}
Event: 12.416 GC heap before
{Heap before GC invocations=12 (full 1):
 PSYoungGen      total 52736K, used 1114K [0x00000000e0000000, 0x00000000e5600000, 0x0000000100000000)
  eden space 47104K, 0% used [0x00000000e0000000,0x00000000e0000000,0x00000000e2e00000)
  from space 5632K, 19% used [0x00000000e2e00000,0x00000000e2f16a40,0x00000000e3380000)
  to   space 6144K, 0% used [0x00000000e5000000,0x00000000e5000000,0x00000000e5600000)
 ParOldGen       total 42496K, used 8767K [0x00000000a0000000, 0x00000000a2980000, 0x00000000e0000000)
  object space 42496K, 20% used [0x00000000a0000000,0x00000000a088fea0,0x00000000a2980000)
 Metaspace       used 20694K, capacity 21014K, committed 21248K, reserved 1067008K
  class space    used 2910K, capacity 3049K, committed 3072K, reserved 1048576K
Event: 12.581 GC heap after
Heap after GC invocations=12 (full 1):
 PSYoungGen      total 52736K, used 0K [0x00000000e0000000, 0x00000000e5600000, 0x0000000100000000)
  eden space 47104K, 0% used [0x00000000e0000000,0x00000000e0000000,0x00000000e2e00000)
  from space 5632K, 0% used [0x00000000e2e00000,0x00000000e2e00000,0x00000000e3380000)
  to   space 6144K, 0% used [0x00000000e5000000,0x00000000e5000000,0x00000000e5600000)
 ParOldGen       total 32768K, used 7501K [0x00000000a0000000, 0x00000000a2000000, 0x00000000e0000000)
  object space 32768K, 22% used [0x00000000a0000000,0x00000000a07537f0,0x00000000a2000000)
 Metaspace       used 20694K, capacity 21014K, committed 21248K, reserved 1067008K
  class space    used 2910K, capacity 3049K, committed 3072K, reserved 1048576K
}

