# JRE version: OpenJDK Runtime Environment (8.0_242-b01) (build 1.8.0_242-release-1644-b01)
# Java VM: OpenJDK 64-Bit Server VM (25.242-b01 mixed mode windows-amd64 compressed oops)
Heap:
 PSYoungGen      total 134144K, used 19385K [0x00000000e0000000, 0x00000000e8d00000, 0x0000000100000000)
  eden space 124928K, 15% used [0x00000000e0000000,0x00000000e12ee618,0x00000000e7a00000)
  from space 9216K, 0% used [0x00000000e8400000,0x00000000e8400000,0x00000000e8d00000)
  to   space 9728K, 0% used [0x00000000e7a00000,0x00000000e7a00000,0x00000000e8380000)
 ParOldGen       total 28672K, used 7265K [0x00000000a0000000, 0x00000000a1c00000, 0x00000000e0000000)
  object space 28672K, 25% used [0x00000000a0000000,0x00000000a07185e8,0x00000000a1c00000)
 Metaspace       used 24609K, capacity 24928K, committed 25216K, reserved 1071104K
  class space    used 3319K, capacity 3435K, committed 3456K, reserved 1048576K
GC Heap History (10 events):
Event: 21.973 GC heap before
{Heap before GC invocations=5 (full 0):
 PSYoungGen      total 34304K, used 34288K [0x00000000e0000000, 0x00000000e2400000, 0x0000000100000000)
  eden space 31744K, 100% used [0x00000000e0000000,0x00000000e1f00000,0x00000000e1f00000)
  from space 2560K, 99% used [0x00000000e2180000,0x00000000e23fc030,0x00000000e2400000)
  to   space 2560K, 0% used [0x00000000e1f00000,0x00000000e1f00000,0x00000000e2180000)
 ParOldGen       total 42496K, used 1104K [0x00000000a0000000, 0x00000000a2980000, 0x00000000e0000000)
  object space 42496K, 2% used [0x00000000a0000000,0x00000000a0114078,0x00000000a2980000)
 Metaspace       used 11723K, capacity 11994K, committed 12160K, reserved 1060864K
  class space    used 1553K, capacity 1657K, committed 1664K, reserved 1048576K
Event: 21.987 GC heap after
Heap after GC invocations=5 (full 0):
 PSYoungGen      total 34304K, used 2544K [0x00000000e0000000, 0x00000000e4a00000, 0x0000000100000000)
  eden space 31744K, 0% used [0x00000000e0000000,0x00000000e0000000,0x00000000e1f00000)
  from space 2560K, 99% used [0x00000000e1f00000,0x00000000e217c010,0x00000000e2180000)
  to   space 6144K, 0% used [0x00000000e4400000,0x00000000e4400000,0x00000000e4a00000)
 ParOldGen       total 42496K, used 4489K [0x00000000a0000000, 0x00000000a2980000, 0x00000000e0000000)
  object space 42496K, 10% used [0x00000000a0000000,0x00000000a04624b0,0x00000000a2980000)
 Metaspace       used 11723K, capacity 11994K, committed 12160K, reserved 1060864K
  class space    used 1553K, capacity 1657K, committed 1664K, reserved 1048576K
}
Event: 23.320 GC heap before
{Heap before GC invocations=6 (full 0):
 PSYoungGen      total 34304K, used 34288K [0x00000000e0000000, 0x00000000e4a00000, 0x0000000100000000)
  eden space 31744K, 100% used [0x00000000e0000000,0x00000000e1f00000,0x00000000e1f00000)
  from space 2560K, 99% used [0x00000000e1f00000,0x00000000e217c010,0x00000000e2180000)
  to   space 6144K, 0% used [0x00000000e4400000,0x00000000e4400000,0x00000000e4a00000)
 ParOldGen       total 42496K, used 4489K [0x00000000a0000000, 0x00000000a2980000, 0x00000000e0000000)
  object space 42496K, 10% used [0x00000000a0000000,0x00000000a04624b0,0x00000000a2980000)
 Metaspace       used 14175K, capacity 14490K, committed 14976K, reserved 1062912K
  class space    used 1966K, capacity 2065K, committed 2176K, reserved 1048576K
Event: 23.336 GC heap after
Heap after GC invocations=6 (full 0):
 PSYoungGen      total 68608K, used 6071K [0x00000000e0000000, 0x00000000e4c00000, 0x0000000100000000)
  eden space 62464K, 0% used [0x00000000e0000000,0x00000000e0000000,0x00000000e3d00000)
  from space 6144K, 98% used [0x00000000e4400000,0x00000000e49edc68,0x00000000e4a00000)
  to   space 7168K, 0% used [0x00000000e3d00000,0x00000000e3d00000,0x00000000e4400000)
 ParOldGen       total 42496K, used 4497K [0x00000000a0000000, 0x00000000a2980000, 0x00000000e0000000)
  object space 42496K, 10% used [0x00000000a0000000,0x00000000a04644b0,0x00000000a2980000)
 Metaspace       used 14175K, capacity 14490K, committed 14976K, reserved 1062912K
  class space    used 1966K, capacity 2065K, committed 2176K, reserved 1048576K
}
Event: 26.671 GC heap before
{Heap before GC invocations=7 (full 0):
 PSYoungGen      total 68608K, used 68535K [0x00000000e0000000, 0x00000000e4c00000, 0x0000000100000000)
  eden space 62464K, 100% used [0x00000000e0000000,0x00000000e3d00000,0x00000000e3d00000)
  from space 6144K, 98% used [0x00000000e4400000,0x00000000e49edc68,0x00000000e4a00000)
  to   space 7168K, 0% used [0x00000000e3d00000,0x00000000e3d00000,0x00000000e4400000)
 ParOldGen       total 42496K, used 4497K [0x00000000a0000000, 0x00000000a2980000, 0x00000000e0000000)
  object space 42496K, 10% used [0x00000000a0000000,0x00000000a04644b0,0x00000000a2980000)
 Metaspace       used 20051K, capacity 20406K, committed 20736K, reserved 1067008K
  class space    used 2884K, capacity 3017K, committed 3072K, reserved 1048576K
Event: 26.689 GC heap after
Heap after GC invocations=7 (full 0):
 PSYoungGen      total 69632K, used 7158K [0x00000000e0000000, 0x00000000e8e00000, 0x0000000100000000)
  eden space 62464K, 0% used [0x00000000e0000000,0x00000000e0000000,0x00000000e3d00000)
  from space 7168K, 99% used [0x00000000e3d00000,0x00000000e43fd8b0,0x00000000e4400000)
  to   space 10240K, 0% used [0x00000000e8400000,0x00000000e8400000,0x00000000e8e00000)
 ParOldGen       total 42496K, used 8226K [0x00000000a0000000, 0x00000000a2980000, 0x00000000e0000000)
  object space 42496K, 19% used [0x00000000a0000000,0x00000000a0808948,0x00000000a2980000)
 Metaspace       used 20051K, capacity 20406K, committed 20736K, reserved 1067008K
  class space    used 2884K, capacity 3017K, committed 3072K, reserved 1048576K
}
Event: 26.787 GC heap before
{Heap before GC invocations=8 (full 0):
 PSYoungGen      total 69632K, used 10428K [0x00000000e0000000, 0x00000000e8e00000, 0x0000000100000000)
  eden space 62464K, 5% used [0x00000000e0000000,0x00000000e0331840,0x00000000e3d00000)
  from space 7168K, 99% used [0x00000000e3d00000,0x00000000e43fd8b0,0x00000000e4400000)
  to   space 10240K, 0% used [0x00000000e8400000,0x00000000e8400000,0x00000000e8e00000)
 ParOldGen       total 42496K, used 8226K [0x00000000a0000000, 0x00000000a2980000, 0x00000000e0000000)
  object space 42496K, 19% used [0x00000000a0000000,0x00000000a0808948,0x00000000a2980000)
 Metaspace       used 20690K, capacity 21014K, committed 21248K, reserved 1067008K
  class space    used 2910K, capacity 3049K, committed 3072K, reserved 1048576K
Event: 26.796 GC heap after
Heap after GC invocations=8 (full 0):
 PSYoungGen      total 134144K, used 4424K [0x00000000e0000000, 0x00000000e8d00000, 0x0000000100000000)
  eden space 124928K, 0% used [0x00000000e0000000,0x00000000e0000000,0x00000000e7a00000)
  from space 9216K, 48% used [0x00000000e8400000,0x00000000e8852350,0x00000000e8d00000)
  to   space 9728K, 0% used [0x00000000e7a00000,0x00000000e7a00000,0x00000000e8380000)
 ParOldGen       total 42496K, used 8938K [0x00000000a0000000, 0x00000000a2980000, 0x00000000e0000000)
  object space 42496K, 21% used [0x00000000a0000000,0x00000000a08ba948,0x00000000a2980000)
 Metaspace       used 20690K, capacity 21014K, committed 21248K, reserved 1067008K
  class space    used 2910K, capacity 3049K, committed 3072K, reserved 1048576K
}
Event: 26.796 GC heap before
{Heap before GC invocations=9 (full 1):
 PSYoungGen      total 134144K, used 4424K [0x00000000e0000000, 0x00000000e8d00000, 0x0000000100000000)
  eden space 124928K, 0% used [0x00000000e0000000,0x00000000e0000000,0x00000000e7a00000)
  from space 9216K, 48% used [0x00000000e8400000,0x00000000e8852350,0x00000000e8d00000)
  to   space 9728K, 0% used [0x00000000e7a00000,0x00000000e7a00000,0x00000000e8380000)
 ParOldGen       total 42496K, used 8938K [0x00000000a0000000, 0x00000000a2980000, 0x00000000e0000000)
  object space 42496K, 21% used [0x00000000a0000000,0x00000000a08ba948,0x00000000a2980000)
 Metaspace       used 20690K, capacity 21014K, committed 21248K, reserved 1067008K
  class space    used 2910K, capacity 3049K, committed 3072K, reserved 1048576K
Event: 26.882 GC heap after
Heap after GC invocations=9 (full 1):
 PSYoungGen      total 134144K, used 0K [0x00000000e0000000, 0x00000000e8d00000, 0x0000000100000000)
  eden space 124928K, 0% used [0x00000000e0000000,0x00000000e0000000,0x00000000e7a00000)
  from space 9216K, 0% used [0x00000000e8400000,0x00000000e8400000,0x00000000e8d00000)
  to   space 9728K, 0% used [0x00000000e7a00000,0x00000000e7a00000,0x00000000e8380000)
 ParOldGen       total 28672K, used 7265K [0x00000000a0000000, 0x00000000a1c00000, 0x00000000e0000000)
  object space 28672K, 25% used [0x00000000a0000000,0x00000000a07185e8,0x00000000a1c00000)
 Metaspace       used 20690K, capacity 21014K, committed 21248K, reserved 1067008K
  class space    used 2910K, capacity 3049K, committed 3072K, reserved 1048576K
}

