# JRE version: OpenJDK Runtime Environment (8.0_242-b01) (build 1.8.0_242-release-1644-b01)
# Java VM: OpenJDK 64-Bit Server VM (25.242-b01 mixed mode windows-amd64 compressed oops)
Heap:
 PSYoungGen      total 70656K, used 7243K [0x00000000e0000000, 0x00000000e4c80000, 0x0000000100000000)
  eden space 65024K, 11% used [0x00000000e0000000,0x00000000e0712e78,0x00000000e3f80000)
  from space 5632K, 0% used [0x00000000e4700000,0x00000000e4700000,0x00000000e4c80000)
  to   space 6656K, 0% used [0x00000000e3f80000,0x00000000e3f80000,0x00000000e4600000)
 ParOldGen       total 54272K, used 17540K [0x00000000a0000000, 0x00000000a3500000, 0x00000000e0000000)
  object space 54272K, 32% used [0x00000000a0000000,0x00000000a11210e8,0x00000000a3500000)
 Metaspace       used 35326K, capacity 36182K, committed 36312K, reserved 1081344K
  class space    used 4813K, capacity 5076K, committed 5120K, reserved 1048576K
GC Heap History (10 events):
Event: 13.403 GC heap before
{Heap before GC invocations=12 (full 1):
 PSYoungGen      total 56320K, used 50688K [0x00000000e0000000, 0x00000000e3e00000, 0x0000000100000000)
  eden space 50688K, 100% used [0x00000000e0000000,0x00000000e3180000,0x00000000e3180000)
  from space 5632K, 0% used [0x00000000e3780000,0x00000000e3780000,0x00000000e3d00000)
  to   space 6144K, 0% used [0x00000000e3180000,0x00000000e3180000,0x00000000e3780000)
 ParOldGen       total 33792K, used 9248K [0x00000000a0000000, 0x00000000a2100000, 0x00000000e0000000)
  object space 33792K, 27% used [0x00000000a0000000,0x00000000a0908140,0x00000000a2100000)
 Metaspace       used 26728K, capacity 27208K, committed 27648K, reserved 1073152K
  class space    used 3580K, capacity 3744K, committed 3840K, reserved 1048576K
Event: 13.423 GC heap after
Heap after GC invocations=12 (full 1):
 PSYoungGen      total 56832K, used 6122K [0x00000000e0000000, 0x00000000e3e00000, 0x0000000100000000)
  eden space 50688K, 0% used [0x00000000e0000000,0x00000000e0000000,0x00000000e3180000)
  from space 6144K, 99% used [0x00000000e3180000,0x00000000e377abe8,0x00000000e3780000)
  to   space 5632K, 0% used [0x00000000e3780000,0x00000000e3780000,0x00000000e3d00000)
 ParOldGen       total 33792K, used 9526K [0x00000000a0000000, 0x00000000a2100000, 0x00000000e0000000)
  object space 33792K, 28% used [0x00000000a0000000,0x00000000a094d810,0x00000000a2100000)
 Metaspace       used 26728K, capacity 27208K, committed 27648K, reserved 1073152K
  class space    used 3580K, capacity 3744K, committed 3840K, reserved 1048576K
}
Event: 21.100 GC heap before
{Heap before GC invocations=13 (full 1):
 PSYoungGen      total 56832K, used 56810K [0x00000000e0000000, 0x00000000e3e00000, 0x0000000100000000)
  eden space 50688K, 100% used [0x00000000e0000000,0x00000000e3180000,0x00000000e3180000)
  from space 6144K, 99% used [0x00000000e3180000,0x00000000e377abe8,0x00000000e3780000)
  to   space 5632K, 0% used [0x00000000e3780000,0x00000000e3780000,0x00000000e3d00000)
 ParOldGen       total 33792K, used 9526K [0x00000000a0000000, 0x00000000a2100000, 0x00000000e0000000)
  object space 33792K, 28% used [0x00000000a0000000,0x00000000a094d810,0x00000000a2100000)
 Metaspace       used 29753K, capacity 30220K, committed 30592K, reserved 1075200K
  class space    used 4011K, capacity 4171K, committed 4224K, reserved 1048576K
Event: 21.130 GC heap after
Heap after GC invocations=13 (full 1):
 PSYoungGen      total 55808K, used 4466K [0x00000000e0000000, 0x00000000e4e80000, 0x0000000100000000)
  eden space 50176K, 0% used [0x00000000e0000000,0x00000000e0000000,0x00000000e3100000)
  from space 5632K, 79% used [0x00000000e3780000,0x00000000e3bdcb58,0x00000000e3d00000)
  to   space 6656K, 0% used [0x00000000e3100000,0x00000000e3100000,0x00000000e3780000)
 ParOldGen       total 33792K, used 13026K [0x00000000a0000000, 0x00000000a2100000, 0x00000000e0000000)
  object space 33792K, 38% used [0x00000000a0000000,0x00000000a0cb8940,0x00000000a2100000)
 Metaspace       used 29753K, capacity 30220K, committed 30592K, reserved 1075200K
  class space    used 4011K, capacity 4171K, committed 4224K, reserved 1048576K
}
Event: 22.220 GC heap before
{Heap before GC invocations=14 (full 1):
 PSYoungGen      total 55808K, used 54642K [0x00000000e0000000, 0x00000000e4e80000, 0x0000000100000000)
  eden space 50176K, 100% used [0x00000000e0000000,0x00000000e3100000,0x00000000e3100000)
  from space 5632K, 79% used [0x00000000e3780000,0x00000000e3bdcb58,0x00000000e3d00000)
  to   space 6656K, 0% used [0x00000000e3100000,0x00000000e3100000,0x00000000e3780000)
 ParOldGen       total 33792K, used 13026K [0x00000000a0000000, 0x00000000a2100000, 0x00000000e0000000)
  object space 33792K, 38% used [0x00000000a0000000,0x00000000a0cb8940,0x00000000a2100000)
 Metaspace       used 32227K, capacity 32670K, committed 33024K, reserved 1077248K
  class space    used 4397K, capacity 4558K, committed 4608K, reserved 1048576K
Event: 22.231 GC heap after
Heap after GC invocations=14 (full 1):
 PSYoungGen      total 56832K, used 3773K [0x00000000e0000000, 0x00000000e4d80000, 0x0000000100000000)
  eden space 50176K, 0% used [0x00000000e0000000,0x00000000e0000000,0x00000000e3100000)
  from space 6656K, 56% used [0x00000000e3100000,0x00000000e34af580,0x00000000e3780000)
  to   space 6656K, 0% used [0x00000000e4700000,0x00000000e4700000,0x00000000e4d80000)
 ParOldGen       total 33792K, used 15142K [0x00000000a0000000, 0x00000000a2100000, 0x00000000e0000000)
  object space 33792K, 44% used [0x00000000a0000000,0x00000000a0ec98e0,0x00000000a2100000)
 Metaspace       used 32227K, capacity 32670K, committed 33024K, reserved 1077248K
  class space    used 4397K, capacity 4558K, committed 4608K, reserved 1048576K
}
Event: 24.766 GC heap before
{Heap before GC invocations=15 (full 1):
 PSYoungGen      total 56832K, used 52068K [0x00000000e0000000, 0x00000000e4d80000, 0x0000000100000000)
  eden space 50176K, 96% used [0x00000000e0000000,0x00000000e2f29e28,0x00000000e3100000)
  from space 6656K, 56% used [0x00000000e3100000,0x00000000e34af580,0x00000000e3780000)
  to   space 6656K, 0% used [0x00000000e4700000,0x00000000e4700000,0x00000000e4d80000)
 ParOldGen       total 33792K, used 15142K [0x00000000a0000000, 0x00000000a2100000, 0x00000000e0000000)
  object space 33792K, 44% used [0x00000000a0000000,0x00000000a0ec98e0,0x00000000a2100000)
 Metaspace       used 34555K, capacity 35374K, committed 35416K, reserved 1079296K
  class space    used 4711K, capacity 4978K, committed 4992K, reserved 1048576K
Event: 24.781 GC heap after
Heap after GC invocations=15 (full 1):
 PSYoungGen      total 70656K, used 4342K [0x00000000e0000000, 0x00000000e4c80000, 0x0000000100000000)
  eden space 65024K, 0% used [0x00000000e0000000,0x00000000e0000000,0x00000000e3f80000)
  from space 5632K, 77% used [0x00000000e4700000,0x00000000e4b3db48,0x00000000e4c80000)
  to   space 6656K, 0% used [0x00000000e3f80000,0x00000000e3f80000,0x00000000e4600000)
 ParOldGen       total 33792K, used 16077K [0x00000000a0000000, 0x00000000a2100000, 0x00000000e0000000)
  object space 33792K, 47% used [0x00000000a0000000,0x00000000a0fb34a0,0x00000000a2100000)
 Metaspace       used 34555K, capacity 35374K, committed 35416K, reserved 1079296K
  class space    used 4711K, capacity 4978K, committed 4992K, reserved 1048576K
}
Event: 24.781 GC heap before
{Heap before GC invocations=16 (full 2):
 PSYoungGen      total 70656K, used 4342K [0x00000000e0000000, 0x00000000e4c80000, 0x0000000100000000)
  eden space 65024K, 0% used [0x00000000e0000000,0x00000000e0000000,0x00000000e3f80000)
  from space 5632K, 77% used [0x00000000e4700000,0x00000000e4b3db48,0x00000000e4c80000)
  to   space 6656K, 0% used [0x00000000e3f80000,0x00000000e3f80000,0x00000000e4600000)
 ParOldGen       total 33792K, used 16077K [0x00000000a0000000, 0x00000000a2100000, 0x00000000e0000000)
  object space 33792K, 47% used [0x00000000a0000000,0x00000000a0fb34a0,0x00000000a2100000)
 Metaspace       used 34555K, capacity 35374K, committed 35416K, reserved 1079296K
  class space    used 4711K, capacity 4978K, committed 4992K, reserved 1048576K
Event: 24.904 GC heap after
Heap after GC invocations=16 (full 2):
 PSYoungGen      total 70656K, used 0K [0x00000000e0000000, 0x00000000e4c80000, 0x0000000100000000)
  eden space 65024K, 0% used [0x00000000e0000000,0x00000000e0000000,0x00000000e3f80000)
  from space 5632K, 0% used [0x00000000e4700000,0x00000000e4700000,0x00000000e4c80000)
  to   space 6656K, 0% used [0x00000000e3f80000,0x00000000e3f80000,0x00000000e4600000)
 ParOldGen       total 54272K, used 17540K [0x00000000a0000000, 0x00000000a3500000, 0x00000000e0000000)
  object space 54272K, 32% used [0x00000000a0000000,0x00000000a11210e8,0x00000000a3500000)
 Metaspace       used 34555K, capacity 35374K, committed 35416K, reserved 1079296K
  class space    used 4711K, capacity 4978K, committed 4992K, reserved 1048576K
}

