# JRE version: OpenJDK Runtime Environment (8.0_242-b01) (build 1.8.0_242-release-1644-b01)
# Java VM: OpenJDK 64-Bit Server VM (25.242-b01 mixed mode windows-amd64 compressed oops)
Heap:
 PSYoungGen      total 18432K, used 7795K [0x00000000ebc00000, 0x00000000ee000000, 0x0000000100000000)
  eden space 15872K, 33% used [0x00000000ebc00000,0x00000000ec124d90,0x00000000ecb80000)
  from space 2560K, 98% used [0x00000000edd80000,0x00000000edff8040,0x00000000ee000000)
  to   space 2560K, 0% used [0x00000000ecb80000,0x00000000ecb80000,0x00000000ece00000)
 ParOldGen       total 42496K, used 1136K [0x00000000c3400000, 0x00000000c5d80000, 0x00000000ebc00000)
  object space 42496K, 2% used [0x00000000c3400000,0x00000000c351c388,0x00000000c5d80000)
 Metaspace       used 9428K, capacity 9750K, committed 9856K, reserved 1058816K
  class space    used 1243K, capacity 1357K, committed 1408K, reserved 1048576K
GC Heap History (4 events):
Event: 2.896 GC heap before
{Heap before GC invocations=1 (full 0):
 PSYoungGen      total 18432K, used 15872K [0x00000000ebc00000, 0x00000000ed080000, 0x0000000100000000)
  eden space 15872K, 100% used [0x00000000ebc00000,0x00000000ecb80000,0x00000000ecb80000)
  from space 2560K, 0% used [0x00000000ece00000,0x00000000ece00000,0x00000000ed080000)
  to   space 2560K, 0% used [0x00000000ecb80000,0x00000000ecb80000,0x00000000ece00000)
 ParOldGen       total 42496K, used 0K [0x00000000c3400000, 0x00000000c5d80000, 0x00000000ebc00000)
  object space 42496K, 0% used [0x00000000c3400000,0x00000000c3400000,0x00000000c5d80000)
 Metaspace       used 5715K, capacity 5944K, committed 6144K, reserved 1056768K
  class space    used 681K, capacity 768K, committed 768K, reserved 1048576K
Event: 2.929 GC heap after
Heap after GC invocations=1 (full 0):
 PSYoungGen      total 18432K, used 2474K [0x00000000ebc00000, 0x00000000ee000000, 0x0000000100000000)
  eden space 15872K, 0% used [0x00000000ebc00000,0x00000000ebc00000,0x00000000ecb80000)
  from space 2560K, 96% used [0x00000000ecb80000,0x00000000ecdeaac8,0x00000000ece00000)
  to   space 2560K, 0% used [0x00000000edd80000,0x00000000edd80000,0x00000000ee000000)
 ParOldGen       total 42496K, used 8K [0x00000000c3400000, 0x00000000c5d80000, 0x00000000ebc00000)
  object space 42496K, 0% used [0x00000000c3400000,0x00000000c3402000,0x00000000c5d80000)
 Metaspace       used 5715K, capacity 5944K, committed 6144K, reserved 1056768K
  class space    used 681K, capacity 768K, committed 768K, reserved 1048576K
}
Event: 4.377 GC heap before
{Heap before GC invocations=2 (full 0):
 PSYoungGen      total 18432K, used 18346K [0x00000000ebc00000, 0x00000000ee000000, 0x0000000100000000)
  eden space 15872K, 100% used [0x00000000ebc00000,0x00000000ecb80000,0x00000000ecb80000)
  from space 2560K, 96% used [0x00000000ecb80000,0x00000000ecdeaac8,0x00000000ece00000)
  to   space 2560K, 0% used [0x00000000edd80000,0x00000000edd80000,0x00000000ee000000)
 ParOldGen       total 42496K, used 8K [0x00000000c3400000, 0x00000000c5d80000, 0x00000000ebc00000)
  object space 42496K, 0% used [0x00000000c3400000,0x00000000c3402000,0x00000000c5d80000)
 Metaspace       used 8573K, capacity 8790K, committed 8960K, reserved 1056768K
  class space    used 1124K, capacity 1229K, committed 1280K, reserved 1048576K
Event: 4.389 GC heap after
Heap after GC invocations=2 (full 0):
 PSYoungGen      total 18432K, used 2528K [0x00000000ebc00000, 0x00000000ee000000, 0x0000000100000000)
  eden space 15872K, 0% used [0x00000000ebc00000,0x00000000ebc00000,0x00000000ecb80000)
  from space 2560K, 98% used [0x00000000edd80000,0x00000000edff8040,0x00000000ee000000)
  to   space 2560K, 0% used [0x00000000ecb80000,0x00000000ecb80000,0x00000000ece00000)
 ParOldGen       total 42496K, used 1136K [0x00000000c3400000, 0x00000000c5d80000, 0x00000000ebc00000)
  object space 42496K, 2% used [0x00000000c3400000,0x00000000c351c388,0x00000000c5d80000)
 Metaspace       used 8573K, capacity 8790K, committed 8960K, reserved 1056768K
  class space    used 1124K, capacity 1229K, committed 1280K, reserved 1048576K
}

