# JRE version: OpenJDK Runtime Environment (8.0_242-b01) (build 1.8.0_242-release-1644-b01)
# Java VM: OpenJDK 64-Bit Server VM (25.242-b01 mixed mode windows-amd64 compressed oops)
Heap:
 PSYoungGen      total 144896K, used 43560K [0x00000000e0000000, 0x00000000e9d00000, 0x0000000100000000)
  eden space 133632K, 24% used [0x00000000e0000000,0x00000000e201dc00,0x00000000e8280000)
  from space 11264K, 94% used [0x00000000e8f00000,0x00000000e996c7a0,0x00000000e9a00000)
  to   space 12800K, 0% used [0x00000000e8280000,0x00000000e8280000,0x00000000e8f00000)
 ParOldGen       total 58368K, used 28867K [0x00000000a0000000, 0x00000000a3900000, 0x00000000e0000000)
  object space 58368K, 49% used [0x00000000a0000000,0x00000000a1c30ed0,0x00000000a3900000)
 Metaspace       used 52343K, capacity 53856K, committed 54104K, reserved 1095680K
  class space    used 7070K, capacity 7469K, committed 7552K, reserved 1048576K
GC Heap History (10 events):
Event: 19.021 GC heap before
{Heap before GC invocations=12 (full 1):
 PSYoungGen      total 88064K, used 88063K [0x00000000e0000000, 0x00000000e6e80000, 0x0000000100000000)
  eden space 80384K, 100% used [0x00000000e0000000,0x00000000e4e80000,0x00000000e4e80000)
  from space 7680K, 99% used [0x00000000e6700000,0x00000000e6e7ff80,0x00000000e6e80000)
  to   space 8704K, 0% used [0x00000000e5d80000,0x00000000e5d80000,0x00000000e6600000)
 ParOldGen       total 34816K, used 10151K [0x00000000a0000000, 0x00000000a2200000, 0x00000000e0000000)
  object space 34816K, 29% used [0x00000000a0000000,0x00000000a09e9fa8,0x00000000a2200000)
 Metaspace       used 31827K, capacity 32382K, committed 32768K, reserved 1077248K
  class space    used 4348K, capacity 4526K, committed 4608K, reserved 1048576K
Event: 19.054 GC heap after
Heap after GC invocations=12 (full 1):
 PSYoungGen      total 104448K, used 6127K [0x00000000e0000000, 0x00000000e7900000, 0x0000000100000000)
  eden space 95744K, 0% used [0x00000000e0000000,0x00000000e0000000,0x00000000e5d80000)
  from space 8704K, 70% used [0x00000000e5d80000,0x00000000e637bd98,0x00000000e6600000)
  to   space 8704K, 0% used [0x00000000e7080000,0x00000000e7080000,0x00000000e7900000)
 ParOldGen       total 34816K, used 14383K [0x00000000a0000000, 0x00000000a2200000, 0x00000000e0000000)
  object space 34816K, 41% used [0x00000000a0000000,0x00000000a0e0bfd8,0x00000000a2200000)
 Metaspace       used 31827K, capacity 32382K, committed 32768K, reserved 1077248K
  class space    used 4348K, capacity 4526K, committed 4608K, reserved 1048576K
}
Event: 22.256 GC heap before
{Heap before GC invocations=13 (full 1):
 PSYoungGen      total 104448K, used 65342K [0x00000000e0000000, 0x00000000e7900000, 0x0000000100000000)
  eden space 95744K, 61% used [0x00000000e0000000,0x00000000e39d3af8,0x00000000e5d80000)
  from space 8704K, 70% used [0x00000000e5d80000,0x00000000e637bd98,0x00000000e6600000)
  to   space 8704K, 0% used [0x00000000e7080000,0x00000000e7080000,0x00000000e7900000)
 ParOldGen       total 34816K, used 14383K [0x00000000a0000000, 0x00000000a2200000, 0x00000000e0000000)
  object space 34816K, 41% used [0x00000000a0000000,0x00000000a0e0bfd8,0x00000000a2200000)
 Metaspace       used 34634K, capacity 35404K, committed 35416K, reserved 1079296K
  class space    used 4722K, capacity 4983K, committed 4992K, reserved 1048576K
Event: 22.272 GC heap after
Heap after GC invocations=13 (full 1):
 PSYoungGen      total 115200K, used 5332K [0x00000000e0000000, 0x00000000e8a80000, 0x0000000100000000)
  eden space 106496K, 0% used [0x00000000e0000000,0x00000000e0000000,0x00000000e6800000)
  from space 8704K, 61% used [0x00000000e7080000,0x00000000e75b5058,0x00000000e7900000)
  to   space 8704K, 0% used [0x00000000e6800000,0x00000000e6800000,0x00000000e7080000)
 ParOldGen       total 34816K, used 16891K [0x00000000a0000000, 0x00000000a2200000, 0x00000000e0000000)
  object space 34816K, 48% used [0x00000000a0000000,0x00000000a107efe0,0x00000000a2200000)
 Metaspace       used 34634K, capacity 35404K, committed 35416K, reserved 1079296K
  class space    used 4722K, capacity 4983K, committed 4992K, reserved 1048576K
}
Event: 22.272 GC heap before
{Heap before GC invocations=14 (full 2):
 PSYoungGen      total 115200K, used 5332K [0x00000000e0000000, 0x00000000e8a80000, 0x0000000100000000)
  eden space 106496K, 0% used [0x00000000e0000000,0x00000000e0000000,0x00000000e6800000)
  from space 8704K, 61% used [0x00000000e7080000,0x00000000e75b5058,0x00000000e7900000)
  to   space 8704K, 0% used [0x00000000e6800000,0x00000000e6800000,0x00000000e7080000)
 ParOldGen       total 34816K, used 16891K [0x00000000a0000000, 0x00000000a2200000, 0x00000000e0000000)
  object space 34816K, 48% used [0x00000000a0000000,0x00000000a107efe0,0x00000000a2200000)
 Metaspace       used 34634K, capacity 35404K, committed 35416K, reserved 1079296K
  class space    used 4722K, capacity 4983K, committed 4992K, reserved 1048576K
Event: 22.445 GC heap after
Heap after GC invocations=14 (full 2):
 PSYoungGen      total 115200K, used 0K [0x00000000e0000000, 0x00000000e8a80000, 0x0000000100000000)
  eden space 106496K, 0% used [0x00000000e0000000,0x00000000e0000000,0x00000000e6800000)
  from space 8704K, 0% used [0x00000000e7080000,0x00000000e7080000,0x00000000e7900000)
  to   space 8704K, 0% used [0x00000000e6800000,0x00000000e6800000,0x00000000e7080000)
 ParOldGen       total 58368K, used 18700K [0x00000000a0000000, 0x00000000a3900000, 0x00000000e0000000)
  object space 58368K, 32% used [0x00000000a0000000,0x00000000a1243340,0x00000000a3900000)
 Metaspace       used 34630K, capacity 35392K, committed 35416K, reserved 1079296K
  class space    used 4721K, capacity 4981K, committed 4992K, reserved 1048576K
}
Event: 26.350 GC heap before
{Heap before GC invocations=15 (full 2):
 PSYoungGen      total 115200K, used 106496K [0x00000000e0000000, 0x00000000e8a80000, 0x0000000100000000)
  eden space 106496K, 100% used [0x00000000e0000000,0x00000000e6800000,0x00000000e6800000)
  from space 8704K, 0% used [0x00000000e7080000,0x00000000e7080000,0x00000000e7900000)
  to   space 8704K, 0% used [0x00000000e6800000,0x00000000e6800000,0x00000000e7080000)
 ParOldGen       total 58368K, used 18700K [0x00000000a0000000, 0x00000000a3900000, 0x00000000e0000000)
  object space 58368K, 32% used [0x00000000a0000000,0x00000000a1243340,0x00000000a3900000)
 Metaspace       used 45093K, capacity 46064K, committed 46296K, reserved 1089536K
  class space    used 6009K, capacity 6298K, committed 6400K, reserved 1048576K
Event: 26.389 GC heap after
Heap after GC invocations=15 (full 2):
 PSYoungGen      total 115200K, used 8688K [0x00000000e0000000, 0x00000000e9a00000, 0x0000000100000000)
  eden space 106496K, 0% used [0x00000000e0000000,0x00000000e0000000,0x00000000e6800000)
  from space 8704K, 99% used [0x00000000e6800000,0x00000000e707c3f8,0x00000000e7080000)
  to   space 11264K, 0% used [0x00000000e8f00000,0x00000000e8f00000,0x00000000e9a00000)
 ParOldGen       total 58368K, used 23159K [0x00000000a0000000, 0x00000000a3900000, 0x00000000e0000000)
  object space 58368K, 39% used [0x00000000a0000000,0x00000000a169de98,0x00000000a3900000)
 Metaspace       used 45093K, capacity 46064K, committed 46296K, reserved 1089536K
  class space    used 6009K, capacity 6298K, committed 6400K, reserved 1048576K
}
Event: 30.847 GC heap before
{Heap before GC invocations=16 (full 2):
 PSYoungGen      total 115200K, used 115184K [0x00000000e0000000, 0x00000000e9a00000, 0x0000000100000000)
  eden space 106496K, 100% used [0x00000000e0000000,0x00000000e6800000,0x00000000e6800000)
  from space 8704K, 99% used [0x00000000e6800000,0x00000000e707c3f8,0x00000000e7080000)
  to   space 11264K, 0% used [0x00000000e8f00000,0x00000000e8f00000,0x00000000e9a00000)
 ParOldGen       total 58368K, used 23159K [0x00000000a0000000, 0x00000000a3900000, 0x00000000e0000000)
  object space 58368K, 39% used [0x00000000a0000000,0x00000000a169de98,0x00000000a3900000)
 Metaspace       used 50208K, capacity 51786K, committed 52056K, reserved 1093632K
  class space    used 6761K, capacity 7206K, committed 7296K, reserved 1048576K
Event: 30.890 GC heap after
Heap after GC invocations=16 (full 2):
 PSYoungGen      total 144896K, used 10673K [0x00000000e0000000, 0x00000000e9d00000, 0x0000000100000000)
  eden space 133632K, 0% used [0x00000000e0000000,0x00000000e0000000,0x00000000e8280000)
  from space 11264K, 94% used [0x00000000e8f00000,0x00000000e996c7a0,0x00000000e9a00000)
  to   space 12800K, 0% used [0x00000000e8280000,0x00000000e8280000,0x00000000e8f00000)
 ParOldGen       total 58368K, used 28867K [0x00000000a0000000, 0x00000000a3900000, 0x00000000e0000000)
  object space 58368K, 49% used [0x00000000a0000000,0x00000000a1c30ed0,0x00000000a3900000)
 Metaspace       used 50208K, capacity 51786K, committed 52056K, reserved 1093632K
  class space    used 6761K, capacity 7206K, committed 7296K, reserved 1048576K
}

